nohup: ignoring input
Magic happens on port 8080
Traceback (most recent call last):
  File "/home/httpd/dl/new_pmo/public/python/gen_estimate_tofile.py", line 141, in <module>
    issues = jira.get_all_issues(project_name)
  File "/home/httpd/dl/new_pmo/public/python/lib/jira.py", line 185, in get_all_issues
    return self._search_in_batches(self._get_all_issues_batch, project_name)
  File "/home/httpd/dl/new_pmo/public/python/lib/jira.py", line 93, in _search_in_batches
    start_at = data["startAt"]
KeyError: 'startAt'

Exception ignored in: <bound method Workbook.__del__ of <xlsxwriter.workbook.Workbook object at 0x7f128e9c7a58>>
Traceback (most recent call last):
  File "/usr/local/lib/python3.4/dist-packages/xlsxwriter/workbook.py", line 147, in __del__
Exception: Exception caught in workbook destructor. Explicit close() may be required for workbook.

code  1
/usr/local/lib/python3.4/dist-packages/xlsxwriter/worksheet.py:1049: UserWarning: Image file './lib/logo.png' not found.
  warn("Image file '%s' not found." % force_unicode(filename))

Generuje kosztorys z AC dla projektu  PL_GRO_AD_U8.DREAMADSERVER.INT_P
Wed, 11 Oct 2017 11:55:56 GMT express deprecated res.sendfile: Use res.sendFile instead at app/routes.js:76:24
[0mGET /api/genestimate/PL_GRO_AD_U8.DREAMADSERVER.INT_P [32m200 [0m14720.988 ms - 9775[0m
[0mGET /api/genestimate/KP%20%7C%20PL_GRO_AD_U8.DREAMADSERVER.INT_P [0m- [0m- ms - -[0m
